2026-03-13 00:01:31 -04:00: ⨯ Failed to start server
2026-03-13 00:01:31 -04:00: Error: listen EADDRINUSE: address already in use :::3333
2026-03-13 00:01:31 -04:00:     at <unknown> (Error: listen EADDRINUSE: address already in use :::3333)
2026-03-13 00:01:31 -04:00:     at new Promise (<anonymous>) {
2026-03-13 00:01:31 -04:00:   code: 'EADDRINUSE',
2026-03-13 00:01:31 -04:00:   errno: -48,
2026-03-13 00:01:31 -04:00:   syscall: 'listen',
2026-03-13 00:01:31 -04:00:   address: '::',
2026-03-13 00:01:31 -04:00:   port: 3333
2026-03-13 00:01:31 -04:00: }
2026-03-13 00:01:36 -04:00: ⨯ Failed to start server
2026-03-13 00:01:36 -04:00: Error: listen EADDRINUSE: address already in use :::3333
2026-03-13 00:01:36 -04:00:     at <unknown> (Error: listen EADDRINUSE: address already in use :::3333)
2026-03-13 00:01:36 -04:00:     at new Promise (<anonymous>) {
2026-03-13 00:01:36 -04:00:   code: 'EADDRINUSE',
2026-03-13 00:01:36 -04:00:   errno: -48,
2026-03-13 00:01:36 -04:00:   syscall: 'listen',
2026-03-13 00:01:36 -04:00:   address: '::',
2026-03-13 00:01:36 -04:00:   port: 3333
2026-03-13 00:01:36 -04:00: }
2026-03-13 00:01:40 -04:00: ⨯ Failed to start server
2026-03-13 00:01:40 -04:00: Error: listen EADDRINUSE: address already in use :::3333
2026-03-13 00:01:40 -04:00:     at <unknown> (Error: listen EADDRINUSE: address already in use :::3333)
2026-03-13 00:01:40 -04:00:     at new Promise (<anonymous>) {
2026-03-13 00:01:40 -04:00:   code: 'EADDRINUSE',
2026-03-13 00:01:40 -04:00:   errno: -48,
2026-03-13 00:01:40 -04:00:   syscall: 'listen',
2026-03-13 00:01:40 -04:00:   address: '::',
2026-03-13 00:01:40 -04:00:   port: 3333
2026-03-13 00:01:40 -04:00: }
2026-03-13 00:01:45 -04:00: ⨯ Failed to start server
2026-03-13 00:01:45 -04:00: Error: listen EADDRINUSE: address already in use :::3333
2026-03-13 00:01:45 -04:00:     at <unknown> (Error: listen EADDRINUSE: address already in use :::3333)
2026-03-13 00:01:45 -04:00:     at new Promise (<anonymous>) {
2026-03-13 00:01:45 -04:00:   code: 'EADDRINUSE',
2026-03-13 00:01:45 -04:00:   errno: -48,
2026-03-13 00:01:45 -04:00:   syscall: 'listen',
2026-03-13 00:01:45 -04:00:   address: '::',
2026-03-13 00:01:45 -04:00:   port: 3333
2026-03-13 00:01:45 -04:00: }
2026-03-13 00:01:50 -04:00: ⨯ Failed to start server
2026-03-13 00:01:50 -04:00: Error: listen EADDRINUSE: address already in use :::3333
2026-03-13 00:01:50 -04:00:     at <unknown> (Error: listen EADDRINUSE: address already in use :::3333)
2026-03-13 00:01:50 -04:00:     at new Promise (<anonymous>) {
2026-03-13 00:01:50 -04:00:   code: 'EADDRINUSE',
2026-03-13 00:01:50 -04:00:   errno: -48,
2026-03-13 00:01:50 -04:00:   syscall: 'listen',
2026-03-13 00:01:50 -04:00:   address: '::',
2026-03-13 00:01:50 -04:00:   port: 3333
2026-03-13 00:01:50 -04:00: }
2026-03-13 00:01:55 -04:00: ⨯ Failed to start server
2026-03-13 00:01:55 -04:00: Error: listen EADDRINUSE: address already in use :::3333
2026-03-13 00:01:55 -04:00:     at <unknown> (Error: listen EADDRINUSE: address already in use :::3333)
2026-03-13 00:01:55 -04:00:     at new Promise (<anonymous>) {
2026-03-13 00:01:55 -04:00:   code: 'EADDRINUSE',
2026-03-13 00:01:55 -04:00:   errno: -48,
2026-03-13 00:01:55 -04:00:   syscall: 'listen',
2026-03-13 00:01:55 -04:00:   address: '::',
2026-03-13 00:01:55 -04:00:   port: 3333
2026-03-13 00:01:55 -04:00: }
2026-03-13 00:01:59 -04:00: ⨯ Failed to start server
2026-03-13 00:01:59 -04:00: Error: listen EADDRINUSE: address already in use :::3333
2026-03-13 00:01:59 -04:00:     at <unknown> (Error: listen EADDRINUSE: address already in use :::3333)
2026-03-13 00:01:59 -04:00:     at new Promise (<anonymous>) {
2026-03-13 00:01:59 -04:00:   code: 'EADDRINUSE',
2026-03-13 00:01:59 -04:00:   errno: -48,
2026-03-13 00:01:59 -04:00:   syscall: 'listen',
2026-03-13 00:01:59 -04:00:   address: '::',
2026-03-13 00:01:59 -04:00:   port: 3333
2026-03-13 00:01:59 -04:00: }
2026-03-13 00:02:05 -04:00: ⨯ Failed to start server
2026-03-13 00:02:05 -04:00: Error: listen EADDRINUSE: address already in use :::3333
2026-03-13 00:02:05 -04:00:     at <unknown> (Error: listen EADDRINUSE: address already in use :::3333)
2026-03-13 00:02:05 -04:00:     at new Promise (<anonymous>) {
2026-03-13 00:02:05 -04:00:   code: 'EADDRINUSE',
2026-03-13 00:02:05 -04:00:   errno: -48,
2026-03-13 00:02:05 -04:00:   syscall: 'listen',
2026-03-13 00:02:05 -04:00:   address: '::',
2026-03-13 00:02:05 -04:00:   port: 3333
2026-03-13 00:02:05 -04:00: }
2026-03-13 00:02:09 -04:00: ⨯ Failed to start server
2026-03-13 00:02:09 -04:00: Error: listen EADDRINUSE: address already in use :::3333
2026-03-13 00:02:09 -04:00:     at <unknown> (Error: listen EADDRINUSE: address already in use :::3333)
2026-03-13 00:02:09 -04:00:     at new Promise (<anonymous>) {
2026-03-13 00:02:09 -04:00:   code: 'EADDRINUSE',
2026-03-13 00:02:09 -04:00:   errno: -48,
2026-03-13 00:02:09 -04:00:   syscall: 'listen',
2026-03-13 00:02:09 -04:00:   address: '::',
2026-03-13 00:02:09 -04:00:   port: 3333
2026-03-13 00:02:09 -04:00: }
2026-03-13 00:02:14 -04:00: ⨯ Failed to start server
2026-03-13 00:02:14 -04:00: Error: listen EADDRINUSE: address already in use :::3333
2026-03-13 00:02:14 -04:00:     at <unknown> (Error: listen EADDRINUSE: address already in use :::3333)
2026-03-13 00:02:14 -04:00:     at new Promise (<anonymous>) {
2026-03-13 00:02:14 -04:00:   code: 'EADDRINUSE',
2026-03-13 00:02:14 -04:00:   errno: -48,
2026-03-13 00:02:14 -04:00:   syscall: 'listen',
2026-03-13 00:02:14 -04:00:   address: '::',
2026-03-13 00:02:14 -04:00:   port: 3333
2026-03-13 00:02:14 -04:00: }
2026-03-13 00:02:19 -04:00: ⨯ Failed to start server
2026-03-13 00:02:19 -04:00: Error: listen EADDRINUSE: address already in use :::3333
2026-03-13 00:02:19 -04:00:     at <unknown> (Error: listen EADDRINUSE: address already in use :::3333)
2026-03-13 00:02:19 -04:00:     at new Promise (<anonymous>) {
2026-03-13 00:02:19 -04:00:   code: 'EADDRINUSE',
2026-03-13 00:02:19 -04:00:   errno: -48,
2026-03-13 00:02:19 -04:00:   syscall: 'listen',
2026-03-13 00:02:19 -04:00:   address: '::',
2026-03-13 00:02:19 -04:00:   port: 3333
2026-03-13 00:02:19 -04:00: }
2026-03-13 00:02:24 -04:00: ⨯ Failed to start server
2026-03-13 00:02:24 -04:00: Error: listen EADDRINUSE: address already in use :::3333
2026-03-13 00:02:24 -04:00:     at <unknown> (Error: listen EADDRINUSE: address already in use :::3333)
2026-03-13 00:02:24 -04:00:     at new Promise (<anonymous>) {
2026-03-13 00:02:24 -04:00:   code: 'EADDRINUSE',
2026-03-13 00:02:24 -04:00:   errno: -48,
2026-03-13 00:02:24 -04:00:   syscall: 'listen',
2026-03-13 00:02:24 -04:00:   address: '::',
2026-03-13 00:02:24 -04:00:   port: 3333
2026-03-13 00:02:24 -04:00: }
2026-03-13 00:02:28 -04:00: ⨯ Failed to start server
2026-03-13 00:02:28 -04:00: Error: listen EADDRINUSE: address already in use :::3333
2026-03-13 00:02:28 -04:00:     at <unknown> (Error: listen EADDRINUSE: address already in use :::3333)
2026-03-13 00:02:28 -04:00:     at new Promise (<anonymous>) {
2026-03-13 00:02:28 -04:00:   code: 'EADDRINUSE',
2026-03-13 00:02:28 -04:00:   errno: -48,
2026-03-13 00:02:28 -04:00:   syscall: 'listen',
2026-03-13 00:02:28 -04:00:   address: '::',
2026-03-13 00:02:28 -04:00:   port: 3333
2026-03-13 00:02:28 -04:00: }
2026-03-13 00:02:33 -04:00: ⨯ Failed to start server
2026-03-13 00:02:33 -04:00: Error: listen EADDRINUSE: address already in use :::3333
2026-03-13 00:02:33 -04:00:     at <unknown> (Error: listen EADDRINUSE: address already in use :::3333)
2026-03-13 00:02:33 -04:00:     at new Promise (<anonymous>) {
2026-03-13 00:02:33 -04:00:   code: 'EADDRINUSE',
2026-03-13 00:02:33 -04:00:   errno: -48,
2026-03-13 00:02:33 -04:00:   syscall: 'listen',
2026-03-13 00:02:33 -04:00:   address: '::',
2026-03-13 00:02:33 -04:00:   port: 3333
2026-03-13 00:02:33 -04:00: }
2026-03-13 00:02:38 -04:00: ⨯ Failed to start server
2026-03-13 00:02:38 -04:00: Error: listen EADDRINUSE: address already in use :::3333
2026-03-13 00:02:38 -04:00:     at <unknown> (Error: listen EADDRINUSE: address already in use :::3333)
2026-03-13 00:02:38 -04:00:     at new Promise (<anonymous>) {
2026-03-13 00:02:38 -04:00:   code: 'EADDRINUSE',
2026-03-13 00:02:38 -04:00:   errno: -48,
2026-03-13 00:02:38 -04:00:   syscall: 'listen',
2026-03-13 00:02:38 -04:00:   address: '::',
2026-03-13 00:02:38 -04:00:   port: 3333
2026-03-13 00:02:38 -04:00: }
2026-03-13 00:02:42 -04:00: ⨯ Failed to start server
2026-03-13 00:02:42 -04:00: Error: listen EADDRINUSE: address already in use :::3333
2026-03-13 00:02:42 -04:00:     at <unknown> (Error: listen EADDRINUSE: address already in use :::3333)
2026-03-13 00:02:42 -04:00:     at new Promise (<anonymous>) {
2026-03-13 00:02:42 -04:00:   code: 'EADDRINUSE',
2026-03-13 00:02:42 -04:00:   errno: -48,
2026-03-13 00:02:42 -04:00:   syscall: 'listen',
2026-03-13 00:02:42 -04:00:   address: '::',
2026-03-13 00:02:42 -04:00:   port: 3333
2026-03-13 00:02:42 -04:00: }
2026-03-13 00:04:01 -04:00: ⨯ Failed to start server
2026-03-13 00:04:01 -04:00: Error: listen EADDRINUSE: address already in use :::3333
2026-03-13 00:04:01 -04:00:     at <unknown> (Error: listen EADDRINUSE: address already in use :::3333)
2026-03-13 00:04:01 -04:00:     at new Promise (<anonymous>) {
2026-03-13 00:04:01 -04:00:   code: 'EADDRINUSE',
2026-03-13 00:04:01 -04:00:   errno: -48,
2026-03-13 00:04:01 -04:00:   syscall: 'listen',
2026-03-13 00:04:01 -04:00:   address: '::',
2026-03-13 00:04:01 -04:00:   port: 3333
2026-03-13 00:04:01 -04:00: }
2026-03-13 00:04:05 -04:00: ⨯ Failed to start server
2026-03-13 00:04:05 -04:00: Error: listen EADDRINUSE: address already in use :::3333
2026-03-13 00:04:05 -04:00:     at <unknown> (Error: listen EADDRINUSE: address already in use :::3333)
2026-03-13 00:04:05 -04:00:     at new Promise (<anonymous>) {
2026-03-13 00:04:05 -04:00:   code: 'EADDRINUSE',
2026-03-13 00:04:05 -04:00:   errno: -48,
2026-03-13 00:04:05 -04:00:   syscall: 'listen',
2026-03-13 00:04:05 -04:00:   address: '::',
2026-03-13 00:04:05 -04:00:   port: 3333
2026-03-13 00:04:05 -04:00: }
2026-03-13 00:04:10 -04:00: ⨯ Failed to start server
2026-03-13 00:04:10 -04:00: Error: listen EADDRINUSE: address already in use :::3333
2026-03-13 00:04:10 -04:00:     at <unknown> (Error: listen EADDRINUSE: address already in use :::3333)
2026-03-13 00:04:10 -04:00:     at new Promise (<anonymous>) {
2026-03-13 00:04:10 -04:00:   code: 'EADDRINUSE',
2026-03-13 00:04:10 -04:00:   errno: -48,
2026-03-13 00:04:10 -04:00:   syscall: 'listen',
2026-03-13 00:04:10 -04:00:   address: '::',
2026-03-13 00:04:10 -04:00:   port: 3333
2026-03-13 00:04:10 -04:00: }
2026-03-13 00:04:15 -04:00: ⨯ Failed to start server
2026-03-13 00:04:15 -04:00: Error: listen EADDRINUSE: address already in use :::3333
2026-03-13 00:04:15 -04:00:     at <unknown> (Error: listen EADDRINUSE: address already in use :::3333)
2026-03-13 00:04:15 -04:00:     at new Promise (<anonymous>) {
2026-03-13 00:04:15 -04:00:   code: 'EADDRINUSE',
2026-03-13 00:04:15 -04:00:   errno: -48,
2026-03-13 00:04:15 -04:00:   syscall: 'listen',
2026-03-13 00:04:15 -04:00:   address: '::',
2026-03-13 00:04:15 -04:00:   port: 3333
2026-03-13 00:04:15 -04:00: }
2026-03-13 00:04:19 -04:00: ⨯ Failed to start server
2026-03-13 00:04:19 -04:00: Error: listen EADDRINUSE: address already in use :::3333
2026-03-13 00:04:19 -04:00:     at <unknown> (Error: listen EADDRINUSE: address already in use :::3333)
2026-03-13 00:04:19 -04:00:     at new Promise (<anonymous>) {
2026-03-13 00:04:19 -04:00:   code: 'EADDRINUSE',
2026-03-13 00:04:19 -04:00:   errno: -48,
2026-03-13 00:04:19 -04:00:   syscall: 'listen',
2026-03-13 00:04:19 -04:00:   address: '::',
2026-03-13 00:04:19 -04:00:   port: 3333
2026-03-13 00:04:19 -04:00: }
2026-03-13 00:04:24 -04:00: ⨯ Failed to start server
2026-03-13 00:04:24 -04:00: Error: listen EADDRINUSE: address already in use :::3333
2026-03-13 00:04:24 -04:00:     at <unknown> (Error: listen EADDRINUSE: address already in use :::3333)
2026-03-13 00:04:24 -04:00:     at new Promise (<anonymous>) {
2026-03-13 00:04:24 -04:00:   code: 'EADDRINUSE',
2026-03-13 00:04:24 -04:00:   errno: -48,
2026-03-13 00:04:24 -04:00:   syscall: 'listen',
2026-03-13 00:04:24 -04:00:   address: '::',
2026-03-13 00:04:24 -04:00:   port: 3333
2026-03-13 00:04:24 -04:00: }
2026-03-13 00:04:29 -04:00: ⨯ Failed to start server
2026-03-13 00:04:29 -04:00: Error: listen EADDRINUSE: address already in use :::3333
2026-03-13 00:04:29 -04:00:     at <unknown> (Error: listen EADDRINUSE: address already in use :::3333)
2026-03-13 00:04:29 -04:00:     at new Promise (<anonymous>) {
2026-03-13 00:04:29 -04:00:   code: 'EADDRINUSE',
2026-03-13 00:04:29 -04:00:   errno: -48,
2026-03-13 00:04:29 -04:00:   syscall: 'listen',
2026-03-13 00:04:29 -04:00:   address: '::',
2026-03-13 00:04:29 -04:00:   port: 3333
2026-03-13 00:04:29 -04:00: }
2026-03-13 00:04:35 -04:00: ⨯ Unable to acquire lock at /Users/sebastiangalindo/mission-control/.next/dev/lock, is another instance of next dev running?
2026-03-13 00:04:41 -04:00: ⨯ Unable to acquire lock at /Users/sebastiangalindo/mission-control/.next/dev/lock, is another instance of next dev running?
2026-03-13 00:04:47 -04:00: ⨯ Unable to acquire lock at /Users/sebastiangalindo/mission-control/.next/dev/lock, is another instance of next dev running?
2026-03-13 00:04:53 -04:00: ⨯ Unable to acquire lock at /Users/sebastiangalindo/mission-control/.next/dev/lock, is another instance of next dev running?
2026-03-13 00:04:59 -04:00: ⨯ Unable to acquire lock at /Users/sebastiangalindo/mission-control/.next/dev/lock, is another instance of next dev running?
2026-03-13 00:05:25 -04:00: ⨯ Unable to acquire lock at /Users/sebastiangalindo/mission-control/.next/dev/lock, is another instance of next dev running?
2026-03-13 00:05:31 -04:00: ⨯ Unable to acquire lock at /Users/sebastiangalindo/mission-control/.next/dev/lock, is another instance of next dev running?
2026-03-13 00:05:37 -04:00: ⨯ Unable to acquire lock at /Users/sebastiangalindo/mission-control/.next/dev/lock, is another instance of next dev running?
2026-03-13 00:05:43 -04:00: ⨯ Unable to acquire lock at /Users/sebastiangalindo/mission-control/.next/dev/lock, is another instance of next dev running?
2026-03-13 00:05:48 -04:00: ⨯ Unable to acquire lock at /Users/sebastiangalindo/mission-control/.next/dev/lock, is another instance of next dev running?
2026-03-13 00:05:54 -04:00: ⨯ Unable to acquire lock at /Users/sebastiangalindo/mission-control/.next/dev/lock, is another instance of next dev running?
2026-03-13 00:06:00 -04:00: ⨯ Unable to acquire lock at /Users/sebastiangalindo/mission-control/.next/dev/lock, is another instance of next dev running?
2026-03-13 00:06:06 -04:00: ⨯ Unable to acquire lock at /Users/sebastiangalindo/mission-control/.next/dev/lock, is another instance of next dev running?
2026-03-13 00:06:12 -04:00: ⨯ Unable to acquire lock at /Users/sebastiangalindo/mission-control/.next/dev/lock, is another instance of next dev running?
2026-03-13 00:06:18 -04:00: ⨯ Unable to acquire lock at /Users/sebastiangalindo/mission-control/.next/dev/lock, is another instance of next dev running?
2026-03-13 15:17:53 -04:00: ⨯ Failed to start server
2026-03-13 15:17:53 -04:00: Error: listen EADDRINUSE: address already in use :::3334
2026-03-13 15:17:53 -04:00:     at <unknown> (Error: listen EADDRINUSE: address already in use :::3334)
2026-03-13 15:17:53 -04:00:     at new Promise (<anonymous>) {
2026-03-13 15:17:53 -04:00:   code: 'EADDRINUSE',
2026-03-13 15:17:53 -04:00:   errno: -48,
2026-03-13 15:17:53 -04:00:   syscall: 'listen',
2026-03-13 15:17:53 -04:00:   address: '::',
2026-03-13 15:17:53 -04:00:   port: 3334
2026-03-13 15:17:53 -04:00: }
2026-03-13 15:17:58 -04:00: ⨯ Failed to start server
2026-03-13 15:17:58 -04:00: Error: listen EADDRINUSE: address already in use :::3334
2026-03-13 15:17:58 -04:00:     at <unknown> (Error: listen EADDRINUSE: address already in use :::3334)
2026-03-13 15:17:58 -04:00:     at new Promise (<anonymous>) {
2026-03-13 15:17:58 -04:00:   code: 'EADDRINUSE',
2026-03-13 15:17:58 -04:00:   errno: -48,
2026-03-13 15:17:58 -04:00:   syscall: 'listen',
2026-03-13 15:17:58 -04:00:   address: '::',
2026-03-13 15:17:58 -04:00:   port: 3334
2026-03-13 15:17:58 -04:00: }
2026-03-13 15:18:02 -04:00: ⨯ Failed to start server
2026-03-13 15:18:02 -04:00: Error: listen EADDRINUSE: address already in use :::3334
2026-03-13 15:18:02 -04:00:     at <unknown> (Error: listen EADDRINUSE: address already in use :::3334)
2026-03-13 15:18:02 -04:00:     at new Promise (<anonymous>) {
2026-03-13 15:18:02 -04:00:   code: 'EADDRINUSE',
2026-03-13 15:18:02 -04:00:   errno: -48,
2026-03-13 15:18:02 -04:00:   syscall: 'listen',
2026-03-13 15:18:02 -04:00:   address: '::',
2026-03-13 15:18:02 -04:00:   port: 3334
2026-03-13 15:18:02 -04:00: }
2026-03-13 15:18:06 -04:00: ⨯ Failed to start server
2026-03-13 15:18:06 -04:00: Error: listen EADDRINUSE: address already in use :::3334
2026-03-13 15:18:06 -04:00:     at <unknown> (Error: listen EADDRINUSE: address already in use :::3334)
2026-03-13 15:18:06 -04:00:     at new Promise (<anonymous>) {
2026-03-13 15:18:06 -04:00:   code: 'EADDRINUSE',
2026-03-13 15:18:06 -04:00:   errno: -48,
2026-03-13 15:18:06 -04:00:   syscall: 'listen',
2026-03-13 15:18:06 -04:00:   address: '::',
2026-03-13 15:18:06 -04:00:   port: 3334
2026-03-13 15:18:06 -04:00: }
2026-03-13 15:18:11 -04:00: ⨯ Failed to start server
2026-03-13 15:18:11 -04:00: Error: listen EADDRINUSE: address already in use :::3334
2026-03-13 15:18:11 -04:00:     at <unknown> (Error: listen EADDRINUSE: address already in use :::3334)
2026-03-13 15:18:11 -04:00:     at new Promise (<anonymous>) {
2026-03-13 15:18:11 -04:00:   code: 'EADDRINUSE',
2026-03-13 15:18:11 -04:00:   errno: -48,
2026-03-13 15:18:11 -04:00:   syscall: 'listen',
2026-03-13 15:18:11 -04:00:   address: '::',
2026-03-13 15:18:11 -04:00:   port: 3334
2026-03-13 15:18:11 -04:00: }
2026-03-13 15:18:15 -04:00: ⨯ Failed to start server
2026-03-13 15:18:15 -04:00: Error: listen EADDRINUSE: address already in use :::3334
2026-03-13 15:18:15 -04:00:     at <unknown> (Error: listen EADDRINUSE: address already in use :::3334)
2026-03-13 15:18:15 -04:00:     at new Promise (<anonymous>) {
2026-03-13 15:18:15 -04:00:   code: 'EADDRINUSE',
2026-03-13 15:18:15 -04:00:   errno: -48,
2026-03-13 15:18:15 -04:00:   syscall: 'listen',
2026-03-13 15:18:15 -04:00:   address: '::',
2026-03-13 15:18:15 -04:00:   port: 3334
2026-03-13 15:18:15 -04:00: }
2026-03-13 15:18:19 -04:00: ⨯ Failed to start server
2026-03-13 15:18:19 -04:00: Error: listen EADDRINUSE: address already in use :::3334
2026-03-13 15:18:19 -04:00:     at <unknown> (Error: listen EADDRINUSE: address already in use :::3334)
2026-03-13 15:18:19 -04:00:     at new Promise (<anonymous>) {
2026-03-13 15:18:19 -04:00:   code: 'EADDRINUSE',
2026-03-13 15:18:19 -04:00:   errno: -48,
2026-03-13 15:18:19 -04:00:   syscall: 'listen',
2026-03-13 15:18:19 -04:00:   address: '::',
2026-03-13 15:18:19 -04:00:   port: 3334
2026-03-13 15:18:19 -04:00: }
2026-03-13 15:18:24 -04:00: ⨯ Failed to start server
2026-03-13 15:18:24 -04:00: Error: listen EADDRINUSE: address already in use :::3334
2026-03-13 15:18:24 -04:00:     at <unknown> (Error: listen EADDRINUSE: address already in use :::3334)
2026-03-13 15:18:24 -04:00:     at new Promise (<anonymous>) {
2026-03-13 15:18:24 -04:00:   code: 'EADDRINUSE',
2026-03-13 15:18:24 -04:00:   errno: -48,
2026-03-13 15:18:24 -04:00:   syscall: 'listen',
2026-03-13 15:18:24 -04:00:   address: '::',
2026-03-13 15:18:24 -04:00:   port: 3334
2026-03-13 15:18:24 -04:00: }
2026-03-13 15:18:28 -04:00: ⨯ Failed to start server
2026-03-13 15:18:28 -04:00: Error: listen EADDRINUSE: address already in use :::3334
2026-03-13 15:18:28 -04:00:     at <unknown> (Error: listen EADDRINUSE: address already in use :::3334)
2026-03-13 15:18:28 -04:00:     at new Promise (<anonymous>) {
2026-03-13 15:18:28 -04:00:   code: 'EADDRINUSE',
2026-03-13 15:18:28 -04:00:   errno: -48,
2026-03-13 15:18:28 -04:00:   syscall: 'listen',
2026-03-13 15:18:28 -04:00:   address: '::',
2026-03-13 15:18:28 -04:00:   port: 3334
2026-03-13 15:18:28 -04:00: }
2026-03-13 15:18:33 -04:00: ⨯ Failed to start server
2026-03-13 15:18:33 -04:00: Error: listen EADDRINUSE: address already in use :::3334
2026-03-13 15:18:33 -04:00:     at <unknown> (Error: listen EADDRINUSE: address already in use :::3334)
2026-03-13 15:18:33 -04:00:     at new Promise (<anonymous>) {
2026-03-13 15:18:33 -04:00:   code: 'EADDRINUSE',
2026-03-13 15:18:33 -04:00:   errno: -48,
2026-03-13 15:18:33 -04:00:   syscall: 'listen',
2026-03-13 15:18:33 -04:00:   address: '::',
2026-03-13 15:18:33 -04:00:   port: 3334
2026-03-13 15:18:33 -04:00: }
2026-03-13 16:50:16 -04:00: Error: Could not find a production build in the '.next' directory. Try building your app with 'next build' before starting the production server. https://nextjs.org/docs/messages/production-start-no-build-id
2026-03-13 16:50:16 -04:00:     at ignore-listed frames
2026-03-13 16:51:04 -04:00: Error: Could not find a production build in the '.next' directory. Try building your app with 'next build' before starting the production server. https://nextjs.org/docs/messages/production-start-no-build-id
2026-03-13 16:51:04 -04:00:     at ignore-listed frames
2026-03-13 19:53:19 -04:00: ⨯ Error: Cannot find module '/Users/sebastiangalindo/mission-control/.next/server/middleware-manifest.json'
2026-03-13 19:53:19 -04:00: Require stack:
2026-03-13 19:53:19 -04:00: - /Users/sebastiangalindo/mission-control/node_modules/next/dist/server/next-server.js
2026-03-13 19:53:19 -04:00: - /Users/sebastiangalindo/mission-control/node_modules/next/dist/server/next.js
2026-03-13 19:53:19 -04:00: - /Users/sebastiangalindo/mission-control/node_modules/next/dist/server/lib/start-server.js
2026-03-13 19:53:19 -04:00: - /Users/sebastiangalindo/mission-control/node_modules/next/dist/cli/next-start.js
2026-03-13 19:53:19 -04:00:     at ignore-listed frames {
2026-03-13 19:53:19 -04:00:   code: 'MODULE_NOT_FOUND',
2026-03-13 19:53:19 -04:00:   requireStack: [Array]
2026-03-13 19:53:19 -04:00: }
