node:internal/modules/cjs/loader:1478
  throw err;
  ^

Error: Cannot find module '/Users/sebastiangalindo/mission-control/scripts/watch-openclaw.js'
    at Module._resolveFilename (node:internal/modules/cjs/loader:1475:15)
    at wrapResolveFilename (node:internal/modules/cjs/loader:1048:27)
    at defaultResolveImplForCJSLoading (node:internal/modules/cjs/loader:1072:10)
    at resolveForCJSWithHooks (node:internal/modules/cjs/loader:1093:12)
    at Module._load (node:internal/modules/cjs/loader:1261:25)
    at wrapModuleLoad (node:internal/modules/cjs/loader:255:19)
    at Module.executeUserEntryPoint [as runMain] (node:internal/modules/run_main:154:5)
    at node:internal/main/run_main_module:33:47 {
  code: 'MODULE_NOT_FOUND',
  requireStack: []
}

Node.js v25.8.0
node:internal/modules/cjs/loader:1478
  throw err;
  ^

Error: Cannot find module '/Users/sebastiangalindo/mission-control/scripts/watch-openclaw.js'
    at Module._resolveFilename (node:internal/modules/cjs/loader:1475:15)
    at wrapResolveFilename (node:internal/modules/cjs/loader:1048:27)
    at defaultResolveImplForCJSLoading (node:internal/modules/cjs/loader:1072:10)
    at resolveForCJSWithHooks (node:internal/modules/cjs/loader:1093:12)
    at Module._load (node:internal/modules/cjs/loader:1261:25)
    at wrapModuleLoad (node:internal/modules/cjs/loader:255:19)
    at Module.executeUserEntryPoint [as runMain] (node:internal/modules/run_main:154:5)
    at node:internal/main/run_main_module:33:47 {
  code: 'MODULE_NOT_FOUND',
  requireStack: []
}

Node.js v25.8.0
[2026-03-09T10:03:33.750Z] OpenClaw Watcher started
Watching: /Users/sebastiangalindo/.openclaw/agents/larry/sessions/sessions.json
Target: http://localhost:3000/api/events
[2026-03-09T10:04:18.850Z] Sent: session_activity - agent:larry:main
[2026-03-09T10:06:03.826Z] Sent: session_activity - agent:larry:main
